<?xml version="1.0" encoding="UTF-8"?>
<testng-results skipped="0" failed="0" ignored="0" total="1" passed="1">
  <reporter-output>
  </reporter-output>
  <suite name="ApSuite" duration-ms="18934" started-at="2019-06-13T00:09:00Z" finished-at="2019-06-13T00:09:19Z">
    <groups>
    </groups>
    <test name="ApTest" duration-ms="18934" started-at="2019-06-13T00:09:00Z" finished-at="2019-06-13T00:09:19Z">
      <class name="com.qa.autopractice.testcases.SearchTest">
        <test-method status="PASS" signature="beforeClass()[pri:0, instance:com.qa.autopractice.testcases.SearchTest@1ce92674]" name="beforeClass" is-config="true" duration-ms="15782" started-at="2019-06-13T00:09:00Z" finished-at="2019-06-13T00:09:16Z">
          <reporter-output>
          </reporter-output>
        </test-method> <!-- beforeClass -->
        <test-method status="PASS" signature="searchTest()[pri:0, instance:com.qa.autopractice.testcases.SearchTest@1ce92674]" name="searchTest" duration-ms="3" started-at="2019-06-13T00:09:16Z" finished-at="2019-06-13T00:09:16Z">
          <reporter-output>
          </reporter-output>
        </test-method> <!-- searchTest -->
        <test-method status="PASS" signature="afterClass()[pri:0, instance:com.qa.autopractice.testcases.SearchTest@1ce92674]" name="afterClass" is-config="true" duration-ms="3132" started-at="2019-06-13T00:09:16Z" finished-at="2019-06-13T00:09:19Z">
          <reporter-output>
          </reporter-output>
        </test-method> <!-- afterClass -->
      </class> <!-- com.qa.autopractice.testcases.SearchTest -->
    </test> <!-- ApTest -->
  </suite> <!-- ApSuite -->
</testng-results>
